0 info it worked if it ends with ok
1 verbose cli [ 'C:\\Program Files\\nodejs\\node.exe',
1 verbose cli   'C:\\Program Files\\nodejs\\node_modules\\npm\\bin\\npm-cli.js',
1 verbose cli   'run',
1 verbose cli   'gulp',
1 verbose cli   'lint' ]
2 info using npm@3.8.3
3 info using node@v5.10.0
4 verbose run-script [ 'pregulp', 'gulp', 'postgulp' ]
5 info lifecycle learn-gulp@1.0.0~pregulp: learn-gulp@1.0.0
6 silly lifecycle learn-gulp@1.0.0~pregulp: no script for pregulp, continuing
7 info lifecycle learn-gulp@1.0.0~gulp: learn-gulp@1.0.0
8 verbose lifecycle learn-gulp@1.0.0~gulp: unsafe-perm in lifecycle true
9 verbose lifecycle learn-gulp@1.0.0~gulp: PATH: C:\Program Files\nodejs\node_modules\npm\bin\node-gyp-bin;D:\Learning\learn-gulp\node_modules\.bin;C:\Program Files\nodejs;C:\Program Files\Broadcom\Broadcom 802.11 Network Adapter\Driver;C:\WINDOWS\system32;C:\WINDOWS;C:\WINDOWS\System32\Wbem;C:\WINDOWS\System32\WindowsPowerShell\v1.0\;C:\Program Files\nodejs\;C:\Program Files\Git\cmd;C:\Program Files\Git\mingw64\bin;C:\Program Files\Git\usr\bin;C:\Program Files (x86)\Skype\Phone\;C:\Program Files (x86)\ATI Technologies\ATI.ACE\Core-Static;C:\Users\Lence\AppData\Roaming\npm
10 verbose lifecycle learn-gulp@1.0.0~gulp: CWD: D:\Learning\learn-gulp
11 silly lifecycle learn-gulp@1.0.0~gulp: Args: [ '/d /s /c', 'node ./node_modules/gulp/bin/gulp "lint"' ]
12 silly lifecycle learn-gulp@1.0.0~gulp: Returned: code: 1  signal: null
13 info lifecycle learn-gulp@1.0.0~gulp: Failed to exec gulp script
14 verbose stack Error: learn-gulp@1.0.0 gulp: `node ./node_modules/gulp/bin/gulp "lint"`
14 verbose stack Exit status 1
14 verbose stack     at EventEmitter.<anonymous> (C:\Program Files\nodejs\node_modules\npm\lib\utils\lifecycle.js:239:16)
14 verbose stack     at emitTwo (events.js:100:13)
14 verbose stack     at EventEmitter.emit (events.js:185:7)
14 verbose stack     at ChildProcess.<anonymous> (C:\Program Files\nodejs\node_modules\npm\lib\utils\spawn.js:24:14)
14 verbose stack     at emitTwo (events.js:100:13)
14 verbose stack     at ChildProcess.emit (events.js:185:7)
14 verbose stack     at maybeClose (internal/child_process.js:850:16)
14 verbose stack     at Process.ChildProcess._handle.onexit (internal/child_process.js:215:5)
15 verbose pkgid learn-gulp@1.0.0
16 verbose cwd D:\Learning\learn-gulp
17 error Windows_NT 10.0.10586
18 error argv "C:\\Program Files\\nodejs\\node.exe" "C:\\Program Files\\nodejs\\node_modules\\npm\\bin\\npm-cli.js" "run" "gulp" "lint"
19 error node v5.10.0
20 error npm  v3.8.3
21 error code ELIFECYCLE
22 error learn-gulp@1.0.0 gulp: `node ./node_modules/gulp/bin/gulp "lint"`
22 error Exit status 1
23 error Failed at the learn-gulp@1.0.0 gulp script 'node ./node_modules/gulp/bin/gulp "lint"'.
23 error Make sure you have the latest version of node.js and npm installed.
23 error If you do, this is most likely a problem with the learn-gulp package,
23 error not with npm itself.
23 error Tell the author that this fails on your system:
23 error     node ./node_modules/gulp/bin/gulp "lint"
23 error You can get information on how to open an issue for this project with:
23 error     npm bugs learn-gulp
23 error Or if that isn't available, you can get their info via:
23 error     npm owner ls learn-gulp
23 error There is likely additional logging output above.
24 verbose exit [ 1, true ]
